29.03.2004
- experience positioning corrected
30.03.2004
- phoenixrodup full-brightness removed
- phoenixrodup manausage upped && duration lowered
- fix for skullrod immediatly explode exception
31.03.2004
- quartz flask is pickup and not artifact
- fixed skullrod correctly && also maulotaur spell
- playerspawning corrected (experience transfer)
03.04.2004
- gave heretic character the right sprites
- fixed heretic in player setup
- removed artifact usage possibility
- added new statbar
- made artifact unpickupable
- made weaponpieces to a source of mana
- made crossbow weaker
- fixed mageweapon 2 & 3 mixup
- lose only half experience if dying
- made Staff of Mage and Gauntlets of heretic do hit the Walls
- fixed flamethrower fullbright problem
- made mystic urn worth 100 health
- made krater of might worth 50 blue & green & red mana
- made invulnerability & speed activate immediately
05.04.2004
- fixed mage staff freeze
06.04.2004
- fixed firemace
- added firedamage to skullrod & up & firemace
- added goldwand up version for heretic #5 weapon
10.04.2004
- fixed skullrod normal closefire exception
- fixed exp loss at rebirth
- added next / previous weapon code
- removed debugging message for firemace
- fixed BounceWall ErrorMessage appearing sometimes
- fixed Infinite SetState loop with firemace
- renamed a few files to make introduction of doom char easier
- fixed fighters axe not displaying manastate correctly if blue mana was 1 on level 1
11.04.2004
- added marine character
- fixed heretic & marine alternate colors
- fixed bot spawning first time as fighter (engine bug)
- added firedamage to rocketlauncher
- fixed rocketlauncher wrong HoldAttackState
13.04.2004
- added new class playersounds
- changed weaponpickup sprites
- fixed doom bulletweapons doing less damage over level progression
- added more sounds to first doom & heretic weapons
- added new chains and lifegems
15.04.2004
- fixed weaponsprites for 6-8th weapon not visible & y-offset of the sprites
19.04.2004
- armor works now like in heretic and doom
- Bracers gives 40 Armorpoints
- moved frag kills into upper left corner
01.05.2004
- implemented team deathmatch
03.05.2004
- implemented optfiles basic strategy
05.05.2004
- fire mace made stronger
- half quietus range increased
- fixed team deatchmatch telefrag bug
16.11.2004
- added Witchaven character (still some problems)
17.11.2004
- fixed fighter dragon claw sprites
- fixed heretic weapon sprites (phoenix rod & skull rod)
18.11.2004
- partially fixed the cleric new spell sprites (poison & healing)
19.11.2004
- finished fixing the cleric new spells
- changed the new cleric spell slots (3:poison & 6:healing)
23.11.2004
- fixed a compiling error with "verticaldoor.vc"
- implemented the frames for the witchaven guy short sword
24.11.2004
- tweaked a bit the short sword
- implemented the witchaven guy punch weapon
25.11.2004
- implemented the morning star
- checking why the armor gets negative values
- reported a bug with bringupweapon function
26.11.2004
- implemented the magic missiles
01.12.2004
- general revision to the things added before
- fixed small problems with the witchaven guy (armor points, etc.)
02.12.2004
- added some light effects for the doom guy
- fixed the witchaven guy morning star attack
04.12.2004
- implemented the witchavens magic missiles spell
- started implementing the witchavens long sword (don't know about the shield)
06.12.2004
- implemented the witchavens long sword with a protective missile (still needs testing)
- fixed some details about the witchavens morning star
07.12.2004
- started implementing the witchavens fireball spell
- partially fixed the witchavens translation colors
08.12.2004
- tweaked the witchavens protective missile and testing
12.12.2004
- ok, the protective missile sucks, so I made it a shield now
20.12.2004
- missed my notes on the work of this day (but it wasn't anything important)
26.12.2004
- returned the armor code to the old one (I made such a mess with it)
- fixed the witchavens translation colors in-game, but the menu still has problems
- started fixing the witchaven weapons range and damage rates
- finished implementing the witchavens fireball spell
- started implementing the witchavens long bow
28.12.2004
- finished implementing the witchavens long bow (still missing the snipper feature)
- started implementing the witchavens disintegration spell
01.01.2005
- finished implementing the witchavens disintegration spell (the effect could be changed)
- made a final test of the witchaven class to see everything works as expected
- updated the CVS with all the changes (I'll start signaling the CVS changes in the log)
02.01.2005
- fixed the weapon order for the witchaven class
- fixed the player level check for the witchavens fireball spell
- implemented new fullscreen HUD (health, armorpoints & mana display)
- updated the CVS repository
17.01.2005
- fixed the message for the krater of might
- added the big mana items for the blue, green & red mana
- added the combined mana item
- searching for a strange crash with the doom guys bullet weapons
20.01.2005
- thanks to Janis, started the tweaking for the snipper witchavens weapon
- still searching for the darn bug in the doom guys bullet weapons
02.02.2005
- long time I haven't touched the code, huh?
- the snipper long bow for the witchaven works properly
- fixed doom guys bullet weapons bug
- Updated CVS repository
03.02.2005
- started implementing the mages whirlwind spell
04.02.2005
- finished implementing the whirlwind spell (still needs tweaks)
05.02.2005
- made the mage whirlwind kills give experience to the player and finished the tweaks
- added some checks for the whirlwinds to work properly now with monsters
- started fix on the witchavens shield & long sword weapon
06.02.2005
- done the stuff for the shield (still some final tweaks)
07.02.2005
- after a lot of problems, got the shield working (counters don't work yet)
- the dynamic lightning for the darkness missile is not working
- deleted some unused code from some of the files
08.02.2005
- darkness missile dynamic lights work different now (strange)
- checking some code from ZDoomGL to implement subtractive dynamic lights to Vavoom
09.02.2005
- final check for the shield, and returned weapons to all classes as they should be
- started putting together another internal beta release
- Updated CVS repository
10.02.2005
- removed unsused code from the withchaven weapons
- fixed the Y alligment of both witchaven swords
- added brightness to witchavens short sword
- added changes for constants for common line specials & updated special utilites
- Updated CVS repository
11.02.2005
- fixed bug with the witchaven color translations in game and in the menu
- Updated CVS repository
09.03.2005
- finally, after the public beta test I touch the code again!
- fixed the missile explosion effect (particles)
- fixed a crash with the extra BFG missile
- fixed some bad frames for the upgraded phoenix rod
- welcoming Moose to KA development! :D
- Updated CVS repository
28.03.2005
- Janis added the latest changes to the Vavoom source
- long time i don't touch the code
31.03.2005
- trying to compile the Vavoom executable for testing...
02.04.2005
- finally made it to compile Vavoom, now I can start tweaking some more stuff for KA!!
03.04.2005
- added the witchavens Disintegration spell puffs new from scratch
- starting preparations for the gargoyle class :)
04.05.2005
- added ice chunks particle effect
09.05.2005
- fixed the fighters darkness weapon to really blind the player view
- improved the darkness missile to move slowly and to make damage
- updated CVS repository
12.05.2005
- fixed and made a small check for the combat distance flags for the bots
- fixed the declaration of dangerous sectors for the bots
- general test of the above points
- fixed the amount of armor points that the armor items give to the new classes
- updated CVS repository
17.05.2005
- decreased the damage value for the mages gray wand
- made the ZapCount for the mages lightning weapon to always start in zero
18.05.2005
- fixed a problem declaring the combatdistances for the classes, now they all work fine
- started making the bots able to select a weapon under certain conditions of fight
- updated CVS repository
19.05.2005
- MP3 support returned and updated to use the latest version of FMOD libraries
- started some preparations for the bots chatting routines
- added some more variables for the bots rage and other "animic" states
20.05.2005
- added some more variables for bots allies in team gameplay modes
- thinking a way to add the missing bot attribute skills into the game
- made the bots susceptible to light levels in the map
13.06.2005
- added some weather effects to the game
- added the path nodes object for the bots
14.06.2005
- started implementing the path nodes code for the bots (no luck here tough)
02.07.2005
- changed the AUTOPAGE lump
03.07.2005
- Janis fixed the ANIMDEFS lump for KA
- added the missing animation textures from Heretic
- changed the missile sprite for the darkness missile
18.07.2005
- Janis has been updating the progs with Vavoom's latest changes and bug fixes
23.07.2005
- internal KA 0.3 beta uploaded, internal team testing
27.07.2005
- implemented the new values Ramborc made for the weapons
- testing the new weapon values, for now I commented the old values in the code
- changed how much mana the player has when spawned, he now starts with 25 of each mana
- cleaned some code from PlayerMarine.vc, PlayerHeretic.vc & PlayerWitchaven.vc
- fixed the doom guy didn't loose the gun flash when dying
- fixed some things in the code, mainly cosmetic changes here and there
- updated the CVS repository
28.07.2005
- changed the experience requirements for weapons, now LVL 2 for #5-#7, LVL3 for #8
- fixed some problems with the bots aiming when I changed the requirements for the weapons
- corrected the damage values for the mage's wand missiles
29.07.2005
- updated CVS repository
- internal KA 0.3 beta2 uploaded, internal team testing
30.07.2005
- implemented death penalty to the experience amounts for the player
- implemented level loose if the experience amount decrement is bigger than the old next level limit
- implemented changes in attributes values change for level lost
- debugging some strange problems with the health and next level changes
31.07.2005
- still debugging the problems above, I have made some advance though
- fixed negative armor points values when damage was much
02.08.2005
- implemented the camping penalty, it will reduce experience after 3 secs of camping
- finished the debugging tests of the latest changes
- internal KA 0.3 beta3 uploaded, internal team testing
- updated CVS repository
07.08.2005
- removed the model definitions from every object
08.08.2005
- returned the model definition to the barrel
- fixed the blind count to reset when the player is spawned
- fixed bots skills to select according to the game skill
- fixed speed values for the witchavens magic & fire missiles
- added logs of CVS revisions to most of the witchavens weapon files
- fixed damage values for the clerics flame storm projectiles
- fixed damage values for the clerics ice wand
- added more velocity to the poison cloud of the clerics poison breath
- removed light flags from some of the weapon pickups
- thinking a way to make some better menus for the level selections for the new game
- updated CVS repository
09.08.2005
- fixed the velocity of the witchavens magic & fire missiles to the new balanced values
- implemented the clerics new morning star
- revised which artifacts are available for the player to use
- started implementing the minotaur spawn spots
10.08.2005
- finished implementing the minotaur spawn spots
- changed the way the summon artifact works for better support of minotaur spots
11.08.2005
- fixed bug where two or more minotaurs would spawn at the same time
- fixed bug where the minotaur would always use the same spot for spawning
- fixed resetting of the minotaur spots count between maps
- added invisibility artifact pickup
- removed wings of wrath as an useable artifact (added it by mistake)
12.08.2005
- fixed a problem with the shadowsphere timer in the player tick
- fixed the shadowsphere pickup message
- fixed the icon of the defender effect to be the same on all the classes
- addded the PI damage artifact to the game
- fixed every weapon to work with the PI damage artifact
- made the bots able to use the new artifacts
- added overlay icons for the every useable artifact in the game
- updated CVS repository
13.08.2005
- internal team testing with KA RC1
- fixed some bot details with the skills selected
- made the bots pickup the new artifacts
- took out the "push attack" reset from the experience decrement counter
- changed the death penalty for experience lost
- changed the way bots are spawned, now bots have a parameter for the attribute level they have
- updated CVS repository
14.08.2005
- Janis fixed a problem with memory freeing for translated sprites, applied it to KA
- updated CVS repository
22.08.2005
- added the witchaven sounds for pain and death (thanks CheapAlert for the help!)
- made minor fixes to the "player.vc" file
- fixed a problem with the status bar health chain
- implemented to a certain stage the bots path node system
- testing the bots path node system
- made the path nodes visible while testing
23.08.2005
- still testing the bots path node system
- there seem to be some problems with the roaming code of the bots
- also some code regarding the transverse path of the bots has problems
- thinking a way to solve the problems i have already found here
24.08.2005
- fixed problem regarding the transverse path code for the bots
- testing the new changes to the code
- completed new karena.wcf file for WadAuthor
25.08.2005
- made some tweaking to the transverse path code for the bots
- added checks for ceiling height openings to avoid bots to get stuck
- fixed bots to avoid trying to walk to a solid wall formed by extra floors
- still thinking how to make bots jump over the extra floor
26.08.2005
- updated CVS repository
